qsub:	standard input and output must be a terminal for
	interactive job submission
Traceback (most recent call last):
  File "/work2/lbuc/iara/conda_envs/pyorbit/bin/pyorbit_run", line 8, in <module>
    sys.exit(pyorbit_run())
  File "/work2/lbuc/iara/conda_envs/pyorbit/lib/python3.10/site-packages/pyorbit/pyorbit_run.py", line 56, in pyorbit_run
    pyorbit.pyorbit_emcee(config_in)
  File "/work2/lbuc/iara/conda_envs/pyorbit/lib/python3.10/site-packages/pyorbit/samplers/pyorbit_emcee.py", line 221, in pyorbit_emcee
    population[:, theta_i] = population_legacy[:,
ValueError: could not broadcast input array from shape (144,) into shape (112,)

:::---::: PyORBIT v10.11.2 :::---:::

Python version in use:
3.10.18 (main, Jun  5 2025, 13:14:17) [GCC 11.2.0]
LaTeX disabled by default

Traceback (most recent call last):
  File "/work2/lbuc/iara/conda_envs/pyorbit/bin/pyorbit_results", line 8, in <module>
    sys.exit(pyorbit_results())
  File "/work2/lbuc/iara/conda_envs/pyorbit/lib/python3.10/site-packages/pyorbit/pyorbit_results.py", line 233, in pyorbit_results
    pyorbit.pyorbit_getresults(config_in, sampler_name, plot_dictionary)
  File "/work2/lbuc/iara/conda_envs/pyorbit/lib/python3.10/site-packages/pyorbit/samplers/pyorbit_getresults.py", line 75, in pyorbit_getresults
    emcee_load_from_cpickle(dir_input)
  File "/work2/lbuc/iara/conda_envs/pyorbit/lib/python3.10/site-packages/pyorbit/subroutines/io_subroutines.py", line 143, in emcee_load_from_cpickle
    return affine_load_from_cpickle(emcee_dir_output, prefix)
  File "/work2/lbuc/iara/conda_envs/pyorbit/lib/python3.10/site-packages/pyorbit/subroutines/io_subroutines.py", line 113, in affine_load_from_cpickle
    mc = pickle.load(open(dir_output + add_prefix + "model_container.p", "rb"))
FileNotFoundError: [Errno 2] No such file or directory: './DS5/emcee/model_container.p'
